2022-07-15 11:58:49 error [www]: GET /helloNot Found
2022-07-19 16:32:40 error [www]: GET /favicon.icoNot Found
2022-07-19 16:49:10 error [www]: GET /userinfoNot Found
2022-07-19 16:49:24 error [www]: GET /userinfoNot Found
2022-07-20 11:41:18 error [www]: GET /apiNot Found
2022-07-20 11:42:43 error [www]: GET /poNot Found
2022-07-20 11:49:19 error [www]: GET /poNot Found
2022-07-20 11:49:33 error [www]: GET /api/testNot Found
2022-07-20 11:49:36 error [www]: GET /api/testNot Found
2022-07-20 11:49:47 error [www]: GET /api/testNot Found
2022-07-20 11:49:49 error [www]: GET /api/testNot Found
2022-07-20 11:49:53 error [www]: GET /api/testNot Found
2022-07-20 11:50:31 error [www]: GET /api/testNot Found
2022-07-20 11:50:47 error [www]: GET /api/testNot Found
2022-07-20 11:51:04 error [www]: GET /api/testNot Found
2022-07-20 11:54:19 error [www]: GET /api/testNot Found
2022-07-20 11:54:20 error [www]: GET /api/testNot Found
2022-07-20 11:54:20 error [www]: GET /api/testNot Found
2022-07-20 11:54:20 error [www]: GET /api/testNot Found
2022-07-20 11:54:20 error [www]: GET /api/testNot Found
2022-07-20 11:54:21 error [www]: GET /api/testNot Found
2022-07-20 11:54:21 error [www]: GET /api/testNot Found
2022-07-20 12:23:46 error [www]: GET /getuserinfoNot Found
2022-07-20 12:25:17 error [www]: GET /getuserinfoNot Found
2022-07-20 12:25:34 error [www]: GET /getuserinfoNot Found
2022-07-20 12:25:38 error [www]: GET /getuserinfoNot Found
2022-07-20 14:20:06 error [www]: GET /userinfopool is not defined
2022-07-20 14:22:45 error [www]: GET /userinfopool is not defined
2022-07-20 14:23:02 error [www]: GET /userinfopool is not defined
2022-07-20 14:31:22 error [www]: GET /api/userinfoNot Found
2022-07-20 14:32:41 error [www]: GET /api/userinfoNot Found
2022-07-20 14:37:34 error [www]: GET /api/userinfoCannot read property 'query' of undefined
2022-07-20 14:44:37 error [www]: GET /userinfoNot Found
2022-07-20 14:44:42 error [www]: GET /userinfoNot Found
2022-07-20 14:45:04 error [www]: GET /userinfoNot Found
2022-07-20 14:45:08 error [www]: GET /userinfoNot Found
2022-07-20 15:12:39 error [www]: GET /Not Found
2022-07-20 15:12:41 error [www]: GET /Not Found
2022-07-20 15:20:30 error [www]: GET /Not Found
2022-07-20 15:38:52 error [www]: GET /userinfopool.getConnection is not a function
2022-07-20 15:40:03 error [www]: GET /userinfopool.getConnection is not a function
2022-07-20 15:43:58 error [www]: GET /userinfopool.getConnection is not a function
2022-07-20 15:50:58 error [www]: GET /api/userinfoNot Found
2022-07-20 15:51:09 error [www]: GET /api/userinfoNot Found
2022-07-20 15:54:54 error [www]: GET /api/userinfosNot Found
2022-07-21 09:44:25 error [www]: GET /favicon.icoNot Found
2022-07-26 14:55:13 error [www]: GET /Not Found
2022-07-26 14:55:13 error [www]: GET /favicon.icoNot Found
2022-07-26 14:55:26 error [www]: GET /Not Found
2022-07-26 14:55:27 error [www]: GET /Not Found
2022-07-26 14:55:27 error [www]: GET /Not Found
2022-07-26 14:55:28 error [www]: GET /Not Found
2022-07-26 14:55:47 error [www]: GET /Not Found
2022-07-26 14:57:20 error [www]: GET /Not Found
2022-07-26 14:57:21 error [www]: GET /Not Found
2022-07-26 14:57:21 error [www]: GET /Not Found
2022-07-26 14:57:22 error [www]: GET /Not Found
2022-07-26 14:57:22 error [www]: GET /Not Found
2022-07-26 14:57:22 error [www]: GET /Not Found
2022-07-26 14:57:23 error [www]: GET /Not Found
2022-07-26 14:57:25 error [www]: GET /Not Found
2022-07-26 14:57:28 error [www]: GET /Not Found
2022-07-26 14:57:54 error [www]: GET /Not Found
2022-07-26 14:57:55 error [www]: GET /Not Found
2022-07-26 14:57:56 error [www]: GET /Not Found
2022-07-26 14:57:56 error [www]: GET /Not Found
2022-07-26 14:57:56 error [www]: GET /Not Found
2022-07-26 14:57:57 error [www]: GET /Not Found
2022-07-26 14:57:57 error [www]: GET /Not Found
2022-07-26 15:04:29 error [www]: GET /Not Found
2022-07-26 16:45:26 error [www]: GET /Not Found
